{
  "RSpec": {
    "coverage": {
      "/Users/wellison/workspace/ruby/devops/lib/api_version_constraint.rb": [
        1,
        null,
        1,
        2,
        2,
        null,
        null,
        null,
        1,
        116,
        null,
        null,
        null
      ],
      "/Users/wellison/workspace/ruby/devops/app/models/user.rb": [
        1,
        null,
        null,
        1,
        null,
        1,
        1,
        null,
        1,
        null,
        1,
        1,
        null,
        null,
        1,
        null,
        106,
        105,
        null,
        null
      ],
      "/Users/wellison/workspace/ruby/devops/app/models/application_record.rb": [
        1,
        1,
        null
      ],
      "/Users/wellison/workspace/ruby/devops/app/controllers/application_controller.rb": [
        1,
        1,
        null
      ],
      "/Users/wellison/workspace/ruby/devops/app/controllers/concerns/authenticable.rb": [
        1,
        null,
        1,
        166,
        null,
        null,
        1,
        53,
        null,
        null,
        1,
        55,
        null,
        null,
        null
      ],
      "/Users/wellison/workspace/ruby/devops/app/models/task.rb": [
        1,
        1,
        null,
        1,
        null
      ],
      "/Users/wellison/workspace/ruby/devops/app/controllers/api/v2/users_controller.rb": [
        1,
        1,
        1,
        null,
        1,
        3,
        3,
        2,
        null,
        1,
        null,
        null,
        null,
        1,
        4,
        null,
        4,
        2,
        null,
        2,
        null,
        null,
        null,
        null,
        null,
        1,
        4,
        null,
        4,
        2,
        null,
        2,
        null,
        null,
        null,
        1,
        2,
        2,
        2,
        null,
        null,
        1,
        null,
        1,
        8,
        null,
        null,
        null
      ],
      "/Users/wellison/workspace/ruby/devops/app/serializers/api/v2/user_serializer.rb": [
        1,
        1,
        null
      ],
      "/Users/wellison/workspace/ruby/devops/app/controllers/api/v1/users_controller.rb": [
        1,
        1,
        1,
        1,
        null,
        1,
        3,
        3,
        2,
        null,
        1,
        null,
        null,
        null,
        1,
        4,
        null,
        4,
        2,
        null,
        2,
        null,
        null,
        null,
        null,
        null,
        1,
        4,
        null,
        4,
        2,
        null,
        2,
        null,
        null,
        null,
        1,
        2,
        2,
        2,
        null,
        null,
        1,
        null,
        1,
        8,
        null,
        null,
        null
      ],
      "/Users/wellison/workspace/ruby/devops/app/controllers/api/v1/sessions_controller.rb": [
        1,
        null,
        1,
        4,
        null,
        4,
        2,
        null,
        null,
        2,
        null,
        2,
        2,
        null,
        null,
        2,
        null,
        null,
        null,
        1,
        2,
        2,
        2,
        2,
        null,
        null,
        1,
        null,
        1,
        8,
        null,
        null
      ],
      "/Users/wellison/workspace/ruby/devops/app/controllers/api/v2/sessions_controller.rb": [
        1,
        null,
        1,
        4,
        null,
        4,
        2,
        null,
        null,
        2,
        null,
        2,
        2,
        null,
        null,
        2,
        null,
        null,
        null,
        1,
        2,
        2,
        2,
        2,
        null,
        null,
        1,
        null,
        1,
        8,
        null,
        null
      ],
      "/Users/wellison/workspace/ruby/devops/app/controllers/api/v2/tasks_controller.rb": [
        1,
        1,
        null,
        1,
        3,
        3,
        null,
        null,
        1,
        2,
        2,
        null,
        null,
        1,
        7,
        7,
        4,
        null,
        3,
        null,
        null,
        null,
        1,
        6,
        6,
        3,
        null,
        3,
        null,
        null,
        null,
        1,
        2,
        2,
        2,
        null,
        null,
        1,
        null,
        1,
        13,
        null,
        null,
        null
      ],
      "/Users/wellison/workspace/ruby/devops/app/serializers/api/v2/task_serializer.rb": [
        1,
        1,
        null,
        null,
        1,
        0,
        null,
        null,
        1,
        0,
        null,
        null
      ],
      "/Users/wellison/workspace/ruby/devops/app/controllers/api/v1/tasks_controller.rb": [
        1,
        1,
        null,
        1,
        2,
        2,
        null,
        null,
        1,
        2,
        2,
        null,
        null,
        1,
        7,
        7,
        4,
        null,
        3,
        null,
        null,
        null,
        1,
        6,
        6,
        3,
        null,
        3,
        null,
        null,
        null,
        1,
        2,
        2,
        2,
        null,
        null,
        1,
        null,
        1,
        13,
        null,
        null,
        null
      ],
      "/Users/wellison/workspace/ruby/devops/app/mailers/application_mailer.rb": [
        0,
        0,
        0,
        0
      ],
      "/Users/wellison/workspace/ruby/devops/app/jobs/application_job.rb": [
        0,
        0
      ],
      "/Users/wellison/workspace/ruby/devops/app/channels/application_cable/connection.rb": [
        0,
        0,
        0,
        0
      ],
      "/Users/wellison/workspace/ruby/devops/app/channels/application_cable/channel.rb": [
        0,
        0,
        0,
        0
      ]
    },
    "timestamp": 1524920241
  }
}
