{
  "RSpec": {
    "coverage": {
      "/Users/Toni/Git/task-manager-api/app/models/task.rb": [
        1,
        1,
        null,
        1,
        null
      ],
      "/Users/Toni/Git/task-manager-api/app/channels/application_cable/channel.rb": [
        0,
        0,
        0,
        0
      ],
      "/Users/Toni/Git/task-manager-api/app/channels/application_cable/connection.rb": [
        0,
        0,
        0,
        0
      ],
      "/Users/Toni/Git/task-manager-api/app/controllers/api/v1/sessions_controller.rb": [
        0,
        0,
        0,
        0,
        0,
        0,
        0,
        0,
        0,
        0,
        0,
        0,
        0,
        0,
        0,
        0,
        0,
        0,
        0,
        0,
        0,
        0,
        0,
        0,
        0,
        0,
        0,
        0,
        0,
        0,
        0,
        0
      ],
      "/Users/Toni/Git/task-manager-api/app/controllers/api/v1/users_controller.rb": [
        0,
        0,
        0,
        0,
        0,
        0,
        0,
        0,
        0,
        0,
        0,
        0,
        0,
        0,
        0,
        0,
        0,
        0,
        0,
        0,
        0,
        0,
        0,
        0,
        0,
        0,
        0,
        0,
        0,
        0,
        0,
        0,
        0,
        0,
        0,
        0,
        0,
        0,
        0,
        0,
        0,
        0,
        0,
        0,
        0,
        0,
        0,
        0,
        0
      ],
      "/Users/Toni/Git/task-manager-api/app/controllers/application_controller.rb": [
        0,
        0,
        0
      ],
      "/Users/Toni/Git/task-manager-api/app/controllers/concerns/authenticable.rb": [
        0,
        0,
        0,
        0,
        0,
        0,
        0,
        0,
        0,
        0,
        0,
        0,
        0,
        0,
        0
      ],
      "/Users/Toni/Git/task-manager-api/app/jobs/application_job.rb": [
        0,
        0
      ],
      "/Users/Toni/Git/task-manager-api/app/mailers/application_mailer.rb": [
        0,
        0,
        0,
        0
      ],
      "/Users/Toni/Git/task-manager-api/app/models/application_record.rb": [
        0,
        0,
        0
      ],
      "/Users/Toni/Git/task-manager-api/app/models/user.rb": [
        0,
        0,
        0,
        0,
        0,
        0,
        0,
        0,
        0,
        0,
        0,
        0,
        0,
        0,
        0,
        0,
        0,
        0,
        0
      ],
      "/Users/Toni/Git/task-manager-api/lib/api_version_constraint.rb": [
        0,
        0,
        0,
        0,
        0,
        0,
        0,
        0,
        0,
        0,
        0,
        0,
        0
      ]
    },
    "timestamp": 1501383019
  }
}
